<?xml version="1.0" encoding="UTF-8"?><testsuites time="3.463"><testsuite name="Parameters Hipay Casper JS Lib" tests="0" failures="0" errors="0" time="0" timestamp="2017-11-22T15:26:59.336Z" package="bin/tests/000_lib/bower_components/hipay-casperjs-lib/0000-parameters"><system-out><![CDATA[]]></system-out></testsuite><testsuite name="Functions" tests="0" failures="0" errors="0" time="0" timestamp="2017-11-22T15:26:59.336Z" package="bin/tests/000_lib/bower_components/hipay-casperjs-lib/0001-functions-payment"><system-out><![CDATA[]]></system-out></testsuite><testsuite name="Functions" tests="0" failures="0" errors="0" time="0" timestamp="2017-11-22T15:26:59.336Z" package="bin/tests/000_lib/bower_components/hipay-casperjs-lib/0002-functions-backend"><system-out><![CDATA[]]></system-out></testsuite><testsuite name="Parameters" tests="0" failures="0" errors="0" time="0" timestamp="2017-11-22T15:26:59.336Z" package="bin/tests/000_parameters/0000-parameters"><system-out><![CDATA[]]></system-out></testsuite><testsuite name="Parameters" tests="0" failures="0" errors="0" time="0" timestamp="2017-11-22T15:26:59.336Z" package="bin/tests/000_parameters/0000-parameters"><system-out><![CDATA[]]></system-out></testsuite><testsuite name="Test example JKurc" tests="3" failures="1" errors="0" time="3.463" timestamp="2017-11-22T15:26:59.336Z" package="bin/tests/001_TEST/0001-test1"><testcase name="Find an element matching: div#infos-txt div#code" classname="bin/tests/001_TEST/0001-test1" time="0.745"/><testcase name="Find text within the document body" classname="bin/tests/001_TEST/0001-test1" time="0.001"/><testcase name="Find text within the document body" classname="bin/tests/001_TEST/0001-test1" time="2.717"><failure type="assertTextExists"><![CDATA[no message left]]></failure></testcase><system-out><![CDATA[]]></system-out></testsuite></testsuites>