<?xml version="1.0" encoding="UTF-8"?><testsuites time="0.699"><testsuite name="Parameters Hipay Casper JS Lib" tests="0" failures="0" errors="0" time="0" timestamp="2017-11-22T13:51:18.689Z" package="bin/tests/000_lib/bower_components/hipay-casperjs-lib/0000-parameters"><system-out><![CDATA[]]></system-out></testsuite><testsuite name="Functions" tests="0" failures="0" errors="0" time="0" timestamp="2017-11-22T13:51:18.690Z" package="bin/tests/000_lib/bower_components/hipay-casperjs-lib/0001-functions-payment"><system-out><![CDATA[]]></system-out></testsuite><testsuite name="Functions" tests="0" failures="0" errors="0" time="0" timestamp="2017-11-22T13:51:18.690Z" package="bin/tests/000_lib/bower_components/hipay-casperjs-lib/0002-functions-backend"><system-out><![CDATA[]]></system-out></testsuite><testsuite name="Parameters" tests="0" failures="0" errors="0" time="0" timestamp="2017-11-22T13:51:18.690Z" package="bin/tests/000_parameters/0000-parameters"><system-out><![CDATA[]]></system-out></testsuite><testsuite name="Parameters" tests="0" failures="0" errors="0" time="0" timestamp="2017-11-22T13:51:18.690Z" package="bin/tests/000_parameters/0000-parameters"><system-out><![CDATA[]]></system-out></testsuite><testsuite name="Test example JKurc" tests="3" failures="0" errors="0" time="0.699" timestamp="2017-11-22T13:51:18.690Z" package="bin/tests/001_TEST/0001-test1"><testcase name="Subject equals the expected value" classname="bin/tests/001_TEST/0001-test1" time="0.436"/><testcase name="4111 1111 1111 1111==4111 1111 1111 1111" classname="bin/tests/001_TEST/0001-test1" time="0.114"/><testcase name="12 / 30==12 / 30" classname="bin/tests/001_TEST/0001-test1" time="0.149"/><system-out><![CDATA[]]></system-out></testsuite></testsuites>